<?xml version="1.0" encoding="UTF-8"?>
<!-- Generated by org.testng.reporters.JUnitXMLReporter -->
<testsuite hostname="DESKTOP-7OTDMTD" ignored="0" name="Test" tests="6" failures="0" timestamp="2021-06-05T12:48:11 IST" time="0.062" errors="0">
  <testcase name="librarySmokeTestFive" time="0.016" classname="com.aamirsuhail.LibrarySmokeTests"/>
  <testcase name="librarySmokeTestFour" time="0.0" classname="com.aamirsuhail.LibrarySmokeTests"/>
  <testcase name="librarySmokeTestOne" time="0.0" classname="com.aamirsuhail.LibrarySmokeTests"/>
  <testcase name="librarySmokeTestSix" time="0.0" classname="com.aamirsuhail.LibrarySmokeTests"/>
  <testcase name="librarySmokeTestThree" time="0.0" classname="com.aamirsuhail.LibrarySmokeTests"/>
  <testcase name="librarySmokeTestTwo" time="0.0" classname="com.aamirsuhail.LibrarySmokeTests"/>
</testsuite> <!-- Test -->
