<?xml version="1.0" encoding="UTF-8"?>
<testng-results skipped="0" failed="0" ignored="0" total="6" passed="6">
  <reporter-output>
  </reporter-output>
  <suite name="Suite" duration-ms="62" started-at="2021-06-05T12:48:11 IST" finished-at="2021-06-05T12:48:11 IST">
    <groups>
    </groups>
    <test name="Test" duration-ms="62" started-at="2021-06-05T12:48:11 IST" finished-at="2021-06-05T12:48:11 IST">
      <class name="com.aamirsuhail.LibrarySmokeTests">
        <test-method status="PASS" signature="librarySmokeTestFive()[pri:0, instance:com.aamirsuhail.LibrarySmokeTests@3159c4b8]" name="librarySmokeTestFive" duration-ms="16" started-at="2021-06-05T12:48:11 IST" finished-at="2021-06-05T12:48:11 IST">
          <reporter-output>
          </reporter-output>
        </test-method> <!-- librarySmokeTestFive -->
        <test-method status="PASS" signature="librarySmokeTestTwo()[pri:0, instance:com.aamirsuhail.LibrarySmokeTests@3159c4b8]" name="librarySmokeTestTwo" duration-ms="0" started-at="2021-06-05T12:48:11 IST" finished-at="2021-06-05T12:48:11 IST">
          <reporter-output>
          </reporter-output>
        </test-method> <!-- librarySmokeTestTwo -->
        <test-method status="PASS" signature="librarySmokeTestThree()[pri:0, instance:com.aamirsuhail.LibrarySmokeTests@3159c4b8]" name="librarySmokeTestThree" duration-ms="0" started-at="2021-06-05T12:48:11 IST" finished-at="2021-06-05T12:48:11 IST">
          <reporter-output>
          </reporter-output>
        </test-method> <!-- librarySmokeTestThree -->
        <test-method status="PASS" signature="librarySmokeTestOne()[pri:0, instance:com.aamirsuhail.LibrarySmokeTests@3159c4b8]" name="librarySmokeTestOne" duration-ms="0" started-at="2021-06-05T12:48:11 IST" finished-at="2021-06-05T12:48:11 IST">
          <reporter-output>
          </reporter-output>
        </test-method> <!-- librarySmokeTestOne -->
        <test-method status="PASS" signature="librarySmokeTestFour()[pri:0, instance:com.aamirsuhail.LibrarySmokeTests@3159c4b8]" name="librarySmokeTestFour" duration-ms="0" started-at="2021-06-05T12:48:11 IST" finished-at="2021-06-05T12:48:11 IST">
          <reporter-output>
          </reporter-output>
        </test-method> <!-- librarySmokeTestFour -->
        <test-method status="PASS" signature="librarySmokeTestSix()[pri:0, instance:com.aamirsuhail.LibrarySmokeTests@3159c4b8]" name="librarySmokeTestSix" duration-ms="0" started-at="2021-06-05T12:48:11 IST" finished-at="2021-06-05T12:48:11 IST">
          <reporter-output>
          </reporter-output>
        </test-method> <!-- librarySmokeTestSix -->
      </class> <!-- com.aamirsuhail.LibrarySmokeTests -->
    </test> <!-- Test -->
  </suite> <!-- Suite -->
</testng-results>
