<?xml version="1.0" encoding="UTF-8"?>
<!-- Generated by org.testng.reporters.JUnitReportReporter -->
<testsuite skipped="0" hostname="DESKTOP-7OTDMTD" name="com.aamirsuhail.LibrarySmokeTests" tests="6" failures="0" timestamp="2021-06-05T12:48:11 IST" time="0.016" errors="0">
  <testcase name="librarySmokeTestTwo" time="0.000" classname="com.aamirsuhail.LibrarySmokeTests"/>
  <system-out/>
  <testcase name="librarySmokeTestThree" time="0.000" classname="com.aamirsuhail.LibrarySmokeTests"/>
  <system-out/>
  <testcase name="librarySmokeTestFive" time="0.016" classname="com.aamirsuhail.LibrarySmokeTests"/>
  <system-out/>
  <testcase name="librarySmokeTestOne" time="0.000" classname="com.aamirsuhail.LibrarySmokeTests"/>
  <system-out/>
  <testcase name="librarySmokeTestFour" time="0.000" classname="com.aamirsuhail.LibrarySmokeTests"/>
  <system-out/>
  <testcase name="librarySmokeTestSix" time="0.000" classname="com.aamirsuhail.LibrarySmokeTests"/>
  <system-out/>
</testsuite> <!-- com.aamirsuhail.LibrarySmokeTests -->
